2025-02-18 17:36:31,662 [Worker-6: Loading available Gradle versions] INFO  o.e.b.c.i.u.g.PublishedGradleVersions - Gradle version information cache is not available. Remote download required.
2025-02-18 17:37:59,012 [Worker-0: Launching mavenrun-6fb61d5b-89a4-4f78-9e8b-a40f5475dc3a] INFO  o.eclipse.m2e.core.internal.Bundles - getClasspathEntries(Bundle=org.eclipse.m2e.maven.runtime_3.9.900.20240824-1409 [298])
2025-02-18 17:37:59,016 [Worker-0: Launching mavenrun-6fb61d5b-89a4-4f78-9e8b-a40f5475dc3a] INFO  o.eclipse.m2e.core.internal.Bundles - 	Entry: C:\Users\Diwakar.Kumar\.p2\pool\plugins\org.eclipse.m2e.maven.runtime_3.9.900.20240824-1409
2025-02-18 17:37:59,017 [Worker-0: Launching mavenrun-6fb61d5b-89a4-4f78-9e8b-a40f5475dc3a] INFO  o.eclipse.m2e.core.internal.Bundles - 	Entry: C:\Users\Diwakar.Kumar\.p2\pool\plugins\org.eclipse.m2e.maven.runtime_3.9.900.20240824-1409\jars\aopalliance-1.0.jar
2025-02-18 17:37:59,017 [Worker-0: Launching mavenrun-6fb61d5b-89a4-4f78-9e8b-a40f5475dc3a] INFO  o.eclipse.m2e.core.internal.Bundles - 	Entry: C:\Users\Diwakar.Kumar\.p2\pool\plugins\org.eclipse.m2e.maven.runtime_3.9.900.20240824-1409\jars\guice-5.1.0.jar
2025-02-18 17:37:59,017 [Worker-0: Launching mavenrun-6fb61d5b-89a4-4f78-9e8b-a40f5475dc3a] INFO  o.eclipse.m2e.core.internal.Bundles - 	Entry: C:\Users\Diwakar.Kumar\.p2\pool\plugins\org.eclipse.m2e.maven.runtime_3.9.900.20240824-1409\jars\httpclient-4.5.14.jar
2025-02-18 17:37:59,017 [Worker-0: Launching mavenrun-6fb61d5b-89a4-4f78-9e8b-a40f5475dc3a] INFO  o.eclipse.m2e.core.internal.Bundles - 	Entry: C:\Users\Diwakar.Kumar\.p2\pool\plugins\org.eclipse.m2e.maven.runtime_3.9.900.20240824-1409\jars\httpcore-4.4.16.jar
2025-02-18 17:37:59,018 [Worker-0: Launching mavenrun-6fb61d5b-89a4-4f78-9e8b-a40f5475dc3a] INFO  o.eclipse.m2e.core.internal.Bundles - 	Entry: C:\Users\Diwakar.Kumar\.p2\pool\plugins\org.eclipse.m2e.maven.runtime_3.9.900.20240824-1409\jars\jansi-2.4.1.jar
2025-02-18 17:37:59,018 [Worker-0: Launching mavenrun-6fb61d5b-89a4-4f78-9e8b-a40f5475dc3a] INFO  o.eclipse.m2e.core.internal.Bundles - 	Entry: C:\Users\Diwakar.Kumar\.p2\pool\plugins\org.eclipse.m2e.maven.runtime_3.9.900.20240824-1409\jars\jcl-over-slf4j-1.7.36.jar
2025-02-18 17:37:59,018 [Worker-0: Launching mavenrun-6fb61d5b-89a4-4f78-9e8b-a40f5475dc3a] INFO  o.eclipse.m2e.core.internal.Bundles - 	Entry: C:\Users\Diwakar.Kumar\.p2\pool\plugins\org.eclipse.m2e.maven.runtime_3.9.900.20240824-1409\jars\maven-artifact-3.9.9.jar
2025-02-18 17:37:59,018 [Worker-0: Launching mavenrun-6fb61d5b-89a4-4f78-9e8b-a40f5475dc3a] INFO  o.eclipse.m2e.core.internal.Bundles - 	Entry: C:\Users\Diwakar.Kumar\.p2\pool\plugins\org.eclipse.m2e.maven.runtime_3.9.900.20240824-1409\jars\maven-builder-support-3.9.9.jar
2025-02-18 17:37:59,018 [Worker-0: Launching mavenrun-6fb61d5b-89a4-4f78-9e8b-a40f5475dc3a] INFO  o.eclipse.m2e.core.internal.Bundles - 	Entry: C:\Users\Diwakar.Kumar\.p2\pool\plugins\org.eclipse.m2e.maven.runtime_3.9.900.20240824-1409\jars\maven-compat-3.9.9.jar
2025-02-18 17:37:59,018 [Worker-0: Launching mavenrun-6fb61d5b-89a4-4f78-9e8b-a40f5475dc3a] INFO  o.eclipse.m2e.core.internal.Bundles - 	Entry: C:\Users\Diwakar.Kumar\.p2\pool\plugins\org.eclipse.m2e.maven.runtime_3.9.900.20240824-1409\jars\maven-core-3.9.9.jar
2025-02-18 17:37:59,018 [Worker-0: Launching mavenrun-6fb61d5b-89a4-4f78-9e8b-a40f5475dc3a] INFO  o.eclipse.m2e.core.internal.Bundles - 	Entry: C:\Users\Diwakar.Kumar\.p2\pool\plugins\org.eclipse.m2e.maven.runtime_3.9.900.20240824-1409\jars\maven-embedder-3.9.9.jar
2025-02-18 17:37:59,019 [Worker-0: Launching mavenrun-6fb61d5b-89a4-4f78-9e8b-a40f5475dc3a] INFO  o.eclipse.m2e.core.internal.Bundles - 	Entry: C:\Users\Diwakar.Kumar\.p2\pool\plugins\org.eclipse.m2e.maven.runtime_3.9.900.20240824-1409\jars\maven-model-3.9.9.jar
2025-02-18 17:37:59,019 [Worker-0: Launching mavenrun-6fb61d5b-89a4-4f78-9e8b-a40f5475dc3a] INFO  o.eclipse.m2e.core.internal.Bundles - 	Entry: C:\Users\Diwakar.Kumar\.p2\pool\plugins\org.eclipse.m2e.maven.runtime_3.9.900.20240824-1409\jars\maven-model-builder-3.9.9.jar
2025-02-18 17:37:59,019 [Worker-0: Launching mavenrun-6fb61d5b-89a4-4f78-9e8b-a40f5475dc3a] INFO  o.eclipse.m2e.core.internal.Bundles - 	Entry: C:\Users\Diwakar.Kumar\.p2\pool\plugins\org.eclipse.m2e.maven.runtime_3.9.900.20240824-1409\jars\maven-plugin-api-3.9.9.jar
2025-02-18 17:37:59,019 [Worker-0: Launching mavenrun-6fb61d5b-89a4-4f78-9e8b-a40f5475dc3a] INFO  o.eclipse.m2e.core.internal.Bundles - 	Entry: C:\Users\Diwakar.Kumar\.p2\pool\plugins\org.eclipse.m2e.maven.runtime_3.9.900.20240824-1409\jars\maven-repository-metadata-3.9.9.jar
2025-02-18 17:37:59,019 [Worker-0: Launching mavenrun-6fb61d5b-89a4-4f78-9e8b-a40f5475dc3a] INFO  o.eclipse.m2e.core.internal.Bundles - 	Entry: C:\Users\Diwakar.Kumar\.p2\pool\plugins\org.eclipse.m2e.maven.runtime_3.9.900.20240824-1409\jars\maven-resolver-api-1.9.22.jar
2025-02-18 17:37:59,019 [Worker-0: Launching mavenrun-6fb61d5b-89a4-4f78-9e8b-a40f5475dc3a] INFO  o.eclipse.m2e.core.internal.Bundles - 	Entry: C:\Users\Diwakar.Kumar\.p2\pool\plugins\org.eclipse.m2e.maven.runtime_3.9.900.20240824-1409\jars\maven-resolver-connector-basic-1.9.22.jar
2025-02-18 17:37:59,019 [Worker-0: Launching mavenrun-6fb61d5b-89a4-4f78-9e8b-a40f5475dc3a] INFO  o.eclipse.m2e.core.internal.Bundles - 	Entry: C:\Users\Diwakar.Kumar\.p2\pool\plugins\org.eclipse.m2e.maven.runtime_3.9.900.20240824-1409\jars\maven-resolver-impl-1.9.22.jar
2025-02-18 17:37:59,020 [Worker-0: Launching mavenrun-6fb61d5b-89a4-4f78-9e8b-a40f5475dc3a] INFO  o.eclipse.m2e.core.internal.Bundles - 	Entry: C:\Users\Diwakar.Kumar\.p2\pool\plugins\org.eclipse.m2e.maven.runtime_3.9.900.20240824-1409\jars\maven-resolver-named-locks-1.9.22.jar
2025-02-18 17:37:59,020 [Worker-0: Launching mavenrun-6fb61d5b-89a4-4f78-9e8b-a40f5475dc3a] INFO  o.eclipse.m2e.core.internal.Bundles - 	Entry: C:\Users\Diwakar.Kumar\.p2\pool\plugins\org.eclipse.m2e.maven.runtime_3.9.900.20240824-1409\jars\maven-resolver-provider-3.9.9.jar
2025-02-18 17:37:59,020 [Worker-0: Launching mavenrun-6fb61d5b-89a4-4f78-9e8b-a40f5475dc3a] INFO  o.eclipse.m2e.core.internal.Bundles - 	Entry: C:\Users\Diwakar.Kumar\.p2\pool\plugins\org.eclipse.m2e.maven.runtime_3.9.900.20240824-1409\jars\maven-resolver-spi-1.9.22.jar
2025-02-18 17:37:59,020 [Worker-0: Launching mavenrun-6fb61d5b-89a4-4f78-9e8b-a40f5475dc3a] INFO  o.eclipse.m2e.core.internal.Bundles - 	Entry: C:\Users\Diwakar.Kumar\.p2\pool\plugins\org.eclipse.m2e.maven.runtime_3.9.900.20240824-1409\jars\maven-resolver-transport-file-1.9.22.jar
2025-02-18 17:37:59,020 [Worker-0: Launching mavenrun-6fb61d5b-89a4-4f78-9e8b-a40f5475dc3a] INFO  o.eclipse.m2e.core.internal.Bundles - 	Entry: C:\Users\Diwakar.Kumar\.p2\pool\plugins\org.eclipse.m2e.maven.runtime_3.9.900.20240824-1409\jars\maven-resolver-transport-http-1.9.22.jar
2025-02-18 17:37:59,020 [Worker-0: Launching mavenrun-6fb61d5b-89a4-4f78-9e8b-a40f5475dc3a] INFO  o.eclipse.m2e.core.internal.Bundles - 	Entry: C:\Users\Diwakar.Kumar\.p2\pool\plugins\org.eclipse.m2e.maven.runtime_3.9.900.20240824-1409\jars\maven-resolver-transport-wagon-1.9.22.jar
2025-02-18 17:37:59,020 [Worker-0: Launching mavenrun-6fb61d5b-89a4-4f78-9e8b-a40f5475dc3a] INFO  o.eclipse.m2e.core.internal.Bundles - 	Entry: C:\Users\Diwakar.Kumar\.p2\pool\plugins\org.eclipse.m2e.maven.runtime_3.9.900.20240824-1409\jars\maven-resolver-util-1.9.22.jar
2025-02-18 17:37:59,020 [Worker-0: Launching mavenrun-6fb61d5b-89a4-4f78-9e8b-a40f5475dc3a] INFO  o.eclipse.m2e.core.internal.Bundles - 	Entry: C:\Users\Diwakar.Kumar\.p2\pool\plugins\org.eclipse.m2e.maven.runtime_3.9.900.20240824-1409\jars\maven-settings-3.9.9.jar
2025-02-18 17:37:59,021 [Worker-0: Launching mavenrun-6fb61d5b-89a4-4f78-9e8b-a40f5475dc3a] INFO  o.eclipse.m2e.core.internal.Bundles - 	Entry: C:\Users\Diwakar.Kumar\.p2\pool\plugins\org.eclipse.m2e.maven.runtime_3.9.900.20240824-1409\jars\maven-settings-builder-3.9.9.jar
2025-02-18 17:37:59,021 [Worker-0: Launching mavenrun-6fb61d5b-89a4-4f78-9e8b-a40f5475dc3a] INFO  o.eclipse.m2e.core.internal.Bundles - 	Entry: C:\Users\Diwakar.Kumar\.p2\pool\plugins\org.eclipse.m2e.maven.runtime_3.9.900.20240824-1409\jars\maven-shared-utils-3.4.2.jar
2025-02-18 17:37:59,021 [Worker-0: Launching mavenrun-6fb61d5b-89a4-4f78-9e8b-a40f5475dc3a] INFO  o.eclipse.m2e.core.internal.Bundles - 	Entry: C:\Users\Diwakar.Kumar\.p2\pool\plugins\org.eclipse.m2e.maven.runtime_3.9.900.20240824-1409\jars\org.eclipse.sisu.inject-0.9.0.M3.jar
2025-02-18 17:37:59,021 [Worker-0: Launching mavenrun-6fb61d5b-89a4-4f78-9e8b-a40f5475dc3a] INFO  o.eclipse.m2e.core.internal.Bundles - 	Entry: C:\Users\Diwakar.Kumar\.p2\pool\plugins\org.eclipse.m2e.maven.runtime_3.9.900.20240824-1409\jars\org.eclipse.sisu.plexus-0.9.0.M3.jar
2025-02-18 17:37:59,021 [Worker-0: Launching mavenrun-6fb61d5b-89a4-4f78-9e8b-a40f5475dc3a] INFO  o.eclipse.m2e.core.internal.Bundles - 	Entry: C:\Users\Diwakar.Kumar\.p2\pool\plugins\org.eclipse.m2e.maven.runtime_3.9.900.20240824-1409\jars\plexus-build-api-0.0.7.jar
2025-02-18 17:37:59,021 [Worker-0: Launching mavenrun-6fb61d5b-89a4-4f78-9e8b-a40f5475dc3a] INFO  o.eclipse.m2e.core.internal.Bundles - 	Entry: C:\Users\Diwakar.Kumar\.p2\pool\plugins\org.eclipse.m2e.maven.runtime_3.9.900.20240824-1409\jars\plexus-build-api-1.2.0.jar
2025-02-18 17:37:59,021 [Worker-0: Launching mavenrun-6fb61d5b-89a4-4f78-9e8b-a40f5475dc3a] INFO  o.eclipse.m2e.core.internal.Bundles - 	Entry: C:\Users\Diwakar.Kumar\.p2\pool\plugins\org.eclipse.m2e.maven.runtime_3.9.900.20240824-1409\jars\plexus-cipher-2.0.jar
2025-02-18 17:37:59,021 [Worker-0: Launching mavenrun-6fb61d5b-89a4-4f78-9e8b-a40f5475dc3a] INFO  o.eclipse.m2e.core.internal.Bundles - 	Entry: C:\Users\Diwakar.Kumar\.p2\pool\plugins\org.eclipse.m2e.maven.runtime_3.9.900.20240824-1409\jars\plexus-classworlds-2.8.0.jar
2025-02-18 17:37:59,022 [Worker-0: Launching mavenrun-6fb61d5b-89a4-4f78-9e8b-a40f5475dc3a] INFO  o.eclipse.m2e.core.internal.Bundles - 	Entry: C:\Users\Diwakar.Kumar\.p2\pool\plugins\org.eclipse.m2e.maven.runtime_3.9.900.20240824-1409\jars\plexus-component-annotations-2.1.0.jar
2025-02-18 17:37:59,022 [Worker-0: Launching mavenrun-6fb61d5b-89a4-4f78-9e8b-a40f5475dc3a] INFO  o.eclipse.m2e.core.internal.Bundles - 	Entry: C:\Users\Diwakar.Kumar\.p2\pool\plugins\org.eclipse.m2e.maven.runtime_3.9.900.20240824-1409\jars\plexus-interpolation-1.27.jar
2025-02-18 17:37:59,022 [Worker-0: Launching mavenrun-6fb61d5b-89a4-4f78-9e8b-a40f5475dc3a] INFO  o.eclipse.m2e.core.internal.Bundles - 	Entry: C:\Users\Diwakar.Kumar\.p2\pool\plugins\org.eclipse.m2e.maven.runtime_3.9.900.20240824-1409\jars\plexus-sec-dispatcher-2.0.jar
2025-02-18 17:37:59,022 [Worker-0: Launching mavenrun-6fb61d5b-89a4-4f78-9e8b-a40f5475dc3a] INFO  o.eclipse.m2e.core.internal.Bundles - 	Entry: C:\Users\Diwakar.Kumar\.p2\pool\plugins\org.eclipse.m2e.maven.runtime_3.9.900.20240824-1409\jars\plexus-utils-3.5.1.jar
2025-02-18 17:37:59,022 [Worker-0: Launching mavenrun-6fb61d5b-89a4-4f78-9e8b-a40f5475dc3a] INFO  o.eclipse.m2e.core.internal.Bundles - 	Entry: C:\Users\Diwakar.Kumar\.p2\pool\plugins\org.eclipse.m2e.maven.runtime_3.9.900.20240824-1409\jars\plexus-xml-3.0.1.jar
2025-02-18 17:37:59,022 [Worker-0: Launching mavenrun-6fb61d5b-89a4-4f78-9e8b-a40f5475dc3a] INFO  o.eclipse.m2e.core.internal.Bundles - 	Entry: C:\Users\Diwakar.Kumar\.p2\pool\plugins\org.eclipse.m2e.maven.runtime_3.9.900.20240824-1409\jars\wagon-file-3.5.3.jar
2025-02-18 17:37:59,022 [Worker-0: Launching mavenrun-6fb61d5b-89a4-4f78-9e8b-a40f5475dc3a] INFO  o.eclipse.m2e.core.internal.Bundles - 	Entry: C:\Users\Diwakar.Kumar\.p2\pool\plugins\org.eclipse.m2e.maven.runtime_3.9.900.20240824-1409\jars\wagon-http-3.5.3.jar
2025-02-18 17:37:59,023 [Worker-0: Launching mavenrun-6fb61d5b-89a4-4f78-9e8b-a40f5475dc3a] INFO  o.eclipse.m2e.core.internal.Bundles - 	Entry: C:\Users\Diwakar.Kumar\.p2\pool\plugins\org.eclipse.m2e.maven.runtime_3.9.900.20240824-1409\jars\wagon-http-shared-3.5.3.jar
2025-02-18 17:37:59,023 [Worker-0: Launching mavenrun-6fb61d5b-89a4-4f78-9e8b-a40f5475dc3a] INFO  o.eclipse.m2e.core.internal.Bundles - 	Entry: C:\Users\Diwakar.Kumar\.p2\pool\plugins\org.eclipse.m2e.maven.runtime_3.9.900.20240824-1409\jars\wagon-provider-api-3.5.3.jar
2025-02-18 17:37:59,024 [Worker-0: Launching mavenrun-6fb61d5b-89a4-4f78-9e8b-a40f5475dc3a] INFO  o.eclipse.m2e.core.internal.Bundles - getClasspathEntries(Bundle=com.google.guava_33.3.1.jre [10])
2025-02-18 17:37:59,025 [Worker-0: Launching mavenrun-6fb61d5b-89a4-4f78-9e8b-a40f5475dc3a] INFO  o.eclipse.m2e.core.internal.Bundles - 	Entry: C:\Users\Diwakar.Kumar\.p2\pool\plugins\com.google.guava_33.3.1.jre.jar
2025-02-18 17:37:59,025 [Worker-0: Launching mavenrun-6fb61d5b-89a4-4f78-9e8b-a40f5475dc3a] INFO  o.eclipse.m2e.core.internal.Bundles - getClasspathEntries(Bundle=slf4j.api_2.0.16 [522])
2025-02-18 17:37:59,025 [Worker-0: Launching mavenrun-6fb61d5b-89a4-4f78-9e8b-a40f5475dc3a] INFO  o.eclipse.m2e.core.internal.Bundles - 	Entry: C:\Users\Diwakar.Kumar\.p2\pool\plugins\slf4j.api_2.0.16.jar
2025-02-18 17:37:59,025 [Worker-0: Launching mavenrun-6fb61d5b-89a4-4f78-9e8b-a40f5475dc3a] INFO  o.eclipse.m2e.core.internal.Bundles - getClasspathEntries(Bundle=jakarta.inject.jakarta.inject-api_1.0.5 [22])
2025-02-18 17:37:59,026 [Worker-0: Launching mavenrun-6fb61d5b-89a4-4f78-9e8b-a40f5475dc3a] INFO  o.eclipse.m2e.core.internal.Bundles - 	Entry: C:\Users\Diwakar.Kumar\.p2\pool\plugins\jakarta.inject.jakarta.inject-api_1.0.5.jar
2025-02-18 17:37:59,026 [Worker-0: Launching mavenrun-6fb61d5b-89a4-4f78-9e8b-a40f5475dc3a] INFO  o.eclipse.m2e.core.internal.Bundles - getClasspathEntries(Bundle=jakarta.annotation-api_1.3.5 [20])
2025-02-18 17:37:59,026 [Worker-0: Launching mavenrun-6fb61d5b-89a4-4f78-9e8b-a40f5475dc3a] INFO  o.eclipse.m2e.core.internal.Bundles - 	Entry: C:\Users\Diwakar.Kumar\.p2\pool\plugins\jakarta.annotation-api_1.3.5.jar
2025-02-18 17:37:59,026 [Worker-0: Launching mavenrun-6fb61d5b-89a4-4f78-9e8b-a40f5475dc3a] INFO  o.eclipse.m2e.core.internal.Bundles - getClasspathEntries(Bundle=org.apache.commons.cli_1.9.0 [47])
2025-02-18 17:37:59,027 [Worker-0: Launching mavenrun-6fb61d5b-89a4-4f78-9e8b-a40f5475dc3a] INFO  o.eclipse.m2e.core.internal.Bundles - 	Entry: C:\Users\Diwakar.Kumar\.p2\pool\plugins\org.apache.commons.cli_1.9.0.jar
2025-02-18 17:37:59,027 [Worker-0: Launching mavenrun-6fb61d5b-89a4-4f78-9e8b-a40f5475dc3a] INFO  o.eclipse.m2e.core.internal.Bundles - getClasspathEntries(Bundle=org.apache.commons.commons-codec_1.16.0 [50])
2025-02-18 17:37:59,027 [Worker-0: Launching mavenrun-6fb61d5b-89a4-4f78-9e8b-a40f5475dc3a] INFO  o.eclipse.m2e.core.internal.Bundles - 	Entry: C:\Users\Diwakar.Kumar\.p2\pool\plugins\org.apache.commons.commons-codec_1.16.0.jar
2025-02-18 17:37:59,027 [Worker-0: Launching mavenrun-6fb61d5b-89a4-4f78-9e8b-a40f5475dc3a] INFO  o.eclipse.m2e.core.internal.Bundles - getClasspathEntries(Bundle=com.google.guava.failureaccess_1.0.2 [11])
2025-02-18 17:37:59,027 [Worker-0: Launching mavenrun-6fb61d5b-89a4-4f78-9e8b-a40f5475dc3a] INFO  o.eclipse.m2e.core.internal.Bundles - 	Entry: C:\Users\Diwakar.Kumar\.p2\pool\plugins\com.google.guava.failureaccess_1.0.2.jar
2025-02-18 17:37:59,034 [Worker-0: Launching mavenrun-6fb61d5b-89a4-4f78-9e8b-a40f5475dc3a] INFO  o.e.m.i.launch.MavenLaunchDelegate - Run build in "C:\Users\DIWAKA~1.KUM\AppData\Local\Temp\m2e-archetypeGenerator8824793959683877210":
2025-02-18 17:37:59,038 [Worker-0: Launching mavenrun-6fb61d5b-89a4-4f78-9e8b-a40f5475dc3a] INFO  o.e.m.i.launch.MavenLaunchDelegate -  mvn  -DjavaCompilerVersion=17 -DjunitVersion=5.11.0 -DarchetypeGroupId=org.apache.maven.archetypes -DarchetypeArtifactId=maven-archetype-quickstart -DarchetypeVersion=1.5 -DgroupId=selenium -DartifactId=framework -Dversion=0.0.1-SNAPSHOT -Dpackage=selenium.framework -DoutputDirectory="C:\Users\Diwakar.Kumar\Selenium Framework" -Dstyle.color=always -U archetype:generate
2025-02-18 17:38:15,590 [Worker-3: Creating maven-archetype-quickstart] INFO  o.e.m.c.i.p.ProjectConfigurationManager - Collecting project info '/pom.xml' C:\Users\Diwakar.Kumar\Selenium Framework\framework\pom.xml
2025-02-18 17:38:16,317 [Worker-3: Creating maven-archetype-quickstart] INFO  o.e.m.c.i.l.LifecycleMappingFactory - Using org.eclipse.m2e.jdt.JarLifecycleMapping lifecycle mapping for MavenProject: selenium:framework:0.0.1-SNAPSHOT @ C:\Users\Diwakar.Kumar\Selenium Framework\framework\pom.xml.
2025-02-18 17:38:17,040 [Worker-3: Creating maven-archetype-quickstart] INFO  o.e.m.j.i.AbstractJavaProjectConfigurator - Adding source folder /framework/src/main/java
2025-02-18 17:38:17,043 [Worker-3: Creating maven-archetype-quickstart] INFO  o.e.m.j.i.AbstractJavaProjectConfigurator - Adding resource folder /framework/src/main/resources
2025-02-18 17:38:17,056 [Worker-3: Creating maven-archetype-quickstart] INFO  o.e.m.j.i.AbstractJavaProjectConfigurator - Adding source folder /framework/src/test/java
2025-02-18 17:38:17,057 [Worker-3: Creating maven-archetype-quickstart] INFO  o.e.m.j.i.AbstractJavaProjectConfigurator - Adding resource folder /framework/src/test/resources
2025-02-18 17:38:17,691 [Worker-3: Creating maven-archetype-quickstart] INFO  o.e.m.c.i.p.ProjectConfigurationManager - Imported and configured 1 project(s) in 2 sec
2025-02-18 17:38:18,594 [Worker-7: Building] INFO  o.a.m.s.f.DefaultMavenResourcesFiltering - skip non existing resourceDirectory C:\Users\Diwakar.Kumar\Selenium Framework\framework\src\main\resources
2025-02-18 17:38:18,600 [Worker-7: Building] INFO  o.a.m.s.f.DefaultMavenResourcesFiltering - skip non existing resourceDirectory C:\Users\Diwakar.Kumar\Selenium Framework\framework\src\test\resources
2025-02-18 17:39:05,938 [Worker-8: Building] INFO  o.e.m.c.i.l.LifecycleMappingFactory - Using org.eclipse.m2e.jdt.JarLifecycleMapping lifecycle mapping for MavenProject: selenium:framework:0.0.1-SNAPSHOT @ C:\Users\Diwakar.Kumar\Selenium Framework\framework\pom.xml.
2025-02-18 17:39:06,556 [Worker-8: Building] INFO  o.a.m.s.f.DefaultMavenResourcesFiltering - skip non existing resourceDirectory C:\Users\Diwakar.Kumar\Selenium Framework\framework\src\main\resources
2025-02-18 17:39:06,563 [Worker-8: Building] INFO  o.a.m.s.f.DefaultMavenResourcesFiltering - skip non existing resourceDirectory C:\Users\Diwakar.Kumar\Selenium Framework\framework\src\test\resources
2025-02-18 17:39:07,946 [Worker-3: Building] INFO  o.a.m.s.f.DefaultMavenResourcesFiltering - skip non existing resourceDirectory C:\Users\Diwakar.Kumar\Selenium Framework\framework\src\main\resources
2025-02-18 17:39:07,950 [Worker-3: Building] INFO  o.a.m.s.f.DefaultMavenResourcesFiltering - skip non existing resourceDirectory C:\Users\Diwakar.Kumar\Selenium Framework\framework\src\test\resources
2025-02-18 17:41:17,206 [Worker-6: Loading available Gradle versions] INFO  o.e.b.c.i.u.g.PublishedGradleVersions - Gradle version information cache is up-to-date. Trying to read.
2025-02-18 17:53:44,726 [Worker-13: Building] INFO  o.a.m.s.f.DefaultMavenResourcesFiltering - skip non existing resourceDirectory C:\Users\Diwakar.Kumar\Selenium Framework\framework\src\main\resources
2025-02-18 17:53:44,738 [Worker-13: Building] INFO  o.a.m.s.f.DefaultMavenResourcesFiltering - skip non existing resourceDirectory C:\Users\Diwakar.Kumar\Selenium Framework\framework\src\test\resources
2025-02-18 17:54:25,502 [Worker-2: Building] INFO  o.a.m.s.f.DefaultMavenResourcesFiltering - skip non existing resourceDirectory C:\Users\Diwakar.Kumar\Selenium Framework\framework\src\main\resources
2025-02-18 17:54:25,506 [Worker-2: Building] INFO  o.a.m.s.f.DefaultMavenResourcesFiltering - skip non existing resourceDirectory C:\Users\Diwakar.Kumar\Selenium Framework\framework\src\test\resources
2025-02-18 18:19:39,650 [Worker-22: Building] INFO  o.a.m.s.f.DefaultMavenResourcesFiltering - skip non existing resourceDirectory C:\Users\Diwakar.Kumar\Selenium Framework\framework\src\main\resources
2025-02-18 18:19:39,660 [Worker-22: Building] INFO  o.a.m.s.f.DefaultMavenResourcesFiltering - skip non existing resourceDirectory C:\Users\Diwakar.Kumar\Selenium Framework\framework\src\test\resources
2025-02-18 18:20:04,530 [Worker-14: Building] INFO  o.a.m.s.f.DefaultMavenResourcesFiltering - skip non existing resourceDirectory C:\Users\Diwakar.Kumar\Selenium Framework\framework\src\main\resources
2025-02-18 18:20:04,536 [Worker-14: Building] INFO  o.a.m.s.f.DefaultMavenResourcesFiltering - skip non existing resourceDirectory C:\Users\Diwakar.Kumar\Selenium Framework\framework\src\test\resources
2025-02-19 10:46:22,538 [Worker-26: Building] INFO  o.a.m.s.f.DefaultMavenResourcesFiltering - skip non existing resourceDirectory C:\Users\Diwakar.Kumar\Selenium Framework\framework\src\main\resources
2025-02-19 10:46:22,541 [Worker-26: Building] INFO  o.a.m.s.f.DefaultMavenResourcesFiltering - skip non existing resourceDirectory C:\Users\Diwakar.Kumar\Selenium Framework\framework\src\test\resources
2025-02-19 10:50:02,567 [Worker-33: Building] INFO  o.a.m.s.f.DefaultMavenResourcesFiltering - skip non existing resourceDirectory C:\Users\Diwakar.Kumar\Selenium Framework\framework\src\main\resources
2025-02-19 10:50:02,571 [Worker-33: Building] INFO  o.a.m.s.f.DefaultMavenResourcesFiltering - skip non existing resourceDirectory C:\Users\Diwakar.Kumar\Selenium Framework\framework\src\test\resources
2025-02-19 10:51:14,907 [Worker-32: Building] INFO  o.a.m.s.f.DefaultMavenResourcesFiltering - skip non existing resourceDirectory C:\Users\Diwakar.Kumar\Selenium Framework\framework\src\main\resources
2025-02-19 10:51:14,917 [Worker-32: Building] INFO  o.a.m.s.f.DefaultMavenResourcesFiltering - skip non existing resourceDirectory C:\Users\Diwakar.Kumar\Selenium Framework\framework\src\test\resources
2025-02-19 10:52:23,020 [Worker-34: Building] INFO  o.a.m.s.f.DefaultMavenResourcesFiltering - skip non existing resourceDirectory C:\Users\Diwakar.Kumar\Selenium Framework\framework\src\main\resources
2025-02-19 10:52:23,033 [Worker-34: Building] INFO  o.a.m.s.f.DefaultMavenResourcesFiltering - skip non existing resourceDirectory C:\Users\Diwakar.Kumar\Selenium Framework\framework\src\test\resources
2025-02-19 10:53:50,027 [Worker-34: Building] INFO  o.a.m.s.f.DefaultMavenResourcesFiltering - skip non existing resourceDirectory C:\Users\Diwakar.Kumar\Selenium Framework\framework\src\main\resources
2025-02-19 10:53:50,033 [Worker-34: Building] INFO  o.a.m.s.f.DefaultMavenResourcesFiltering - skip non existing resourceDirectory C:\Users\Diwakar.Kumar\Selenium Framework\framework\src\test\resources
2025-02-19 10:55:27,307 [Worker-32: Building] INFO  o.a.m.s.f.DefaultMavenResourcesFiltering - skip non existing resourceDirectory C:\Users\Diwakar.Kumar\Selenium Framework\framework\src\main\resources
2025-02-19 10:55:27,313 [Worker-32: Building] INFO  o.a.m.s.f.DefaultMavenResourcesFiltering - skip non existing resourceDirectory C:\Users\Diwakar.Kumar\Selenium Framework\framework\src\test\resources
2025-02-19 10:57:03,132 [Worker-32: Building] INFO  o.a.m.s.f.DefaultMavenResourcesFiltering - skip non existing resourceDirectory C:\Users\Diwakar.Kumar\Selenium Framework\framework\src\main\resources
2025-02-19 10:57:03,135 [Worker-32: Building] INFO  o.a.m.s.f.DefaultMavenResourcesFiltering - skip non existing resourceDirectory C:\Users\Diwakar.Kumar\Selenium Framework\framework\src\test\resources
2025-02-19 11:11:07,578 [Worker-34: Building] INFO  o.a.m.s.f.DefaultMavenResourcesFiltering - skip non existing resourceDirectory C:\Users\Diwakar.Kumar\Selenium Framework\framework\src\main\resources
2025-02-19 11:11:07,581 [Worker-34: Building] INFO  o.a.m.s.f.DefaultMavenResourcesFiltering - skip non existing resourceDirectory C:\Users\Diwakar.Kumar\Selenium Framework\framework\src\test\resources
2025-02-19 12:56:31,373 [Worker-39: Building] INFO  o.a.m.s.f.DefaultMavenResourcesFiltering - skip non existing resourceDirectory C:\Users\Diwakar.Kumar\Selenium Framework\framework\src\main\resources
2025-02-19 12:56:31,406 [Worker-39: Building] INFO  o.a.m.s.f.DefaultMavenResourcesFiltering - skip non existing resourceDirectory C:\Users\Diwakar.Kumar\Selenium Framework\framework\src\test\resources
2025-02-19 12:57:22,952 [Worker-38: Building] INFO  o.a.m.s.f.DefaultMavenResourcesFiltering - skip non existing resourceDirectory C:\Users\Diwakar.Kumar\Selenium Framework\framework\src\main\resources
2025-02-19 12:57:22,961 [Worker-38: Building] INFO  o.a.m.s.f.DefaultMavenResourcesFiltering - skip non existing resourceDirectory C:\Users\Diwakar.Kumar\Selenium Framework\framework\src\test\resources
2025-02-19 12:58:51,829 [Worker-39: Building] INFO  o.a.m.s.f.DefaultMavenResourcesFiltering - skip non existing resourceDirectory C:\Users\Diwakar.Kumar\Selenium Framework\framework\src\main\resources
2025-02-19 12:58:51,834 [Worker-39: Building] INFO  o.a.m.s.f.DefaultMavenResourcesFiltering - skip non existing resourceDirectory C:\Users\Diwakar.Kumar\Selenium Framework\framework\src\test\resources
2025-02-19 12:59:59,997 [Worker-38: Building] INFO  o.a.m.s.f.DefaultMavenResourcesFiltering - skip non existing resourceDirectory C:\Users\Diwakar.Kumar\Selenium Framework\framework\src\main\resources
2025-02-19 13:00:00,019 [Worker-38: Building] INFO  o.a.m.s.f.DefaultMavenResourcesFiltering - skip non existing resourceDirectory C:\Users\Diwakar.Kumar\Selenium Framework\framework\src\test\resources
2025-02-19 13:00:39,807 [Worker-39: Building] INFO  o.a.m.s.f.DefaultMavenResourcesFiltering - skip non existing resourceDirectory C:\Users\Diwakar.Kumar\Selenium Framework\framework\src\main\resources
2025-02-19 13:00:39,810 [Worker-39: Building] INFO  o.a.m.s.f.DefaultMavenResourcesFiltering - skip non existing resourceDirectory C:\Users\Diwakar.Kumar\Selenium Framework\framework\src\test\resources
2025-02-19 14:22:01,271 [Worker-42: Building] INFO  o.a.m.s.f.DefaultMavenResourcesFiltering - skip non existing resourceDirectory C:\Users\Diwakar.Kumar\Selenium Framework\framework\src\main\resources
2025-02-19 14:22:01,276 [Worker-42: Building] INFO  o.a.m.s.f.DefaultMavenResourcesFiltering - skip non existing resourceDirectory C:\Users\Diwakar.Kumar\Selenium Framework\framework\src\test\resources
2025-02-19 14:22:25,314 [Worker-42: Building] INFO  o.a.m.s.f.DefaultMavenResourcesFiltering - skip non existing resourceDirectory C:\Users\Diwakar.Kumar\Selenium Framework\framework\src\main\resources
2025-02-19 14:22:25,318 [Worker-42: Building] INFO  o.a.m.s.f.DefaultMavenResourcesFiltering - skip non existing resourceDirectory C:\Users\Diwakar.Kumar\Selenium Framework\framework\src\test\resources
2025-02-19 14:23:15,681 [Worker-40: Building] INFO  o.a.m.s.f.DefaultMavenResourcesFiltering - skip non existing resourceDirectory C:\Users\Diwakar.Kumar\Selenium Framework\framework\src\main\resources
2025-02-19 14:23:15,686 [Worker-40: Building] INFO  o.a.m.s.f.DefaultMavenResourcesFiltering - skip non existing resourceDirectory C:\Users\Diwakar.Kumar\Selenium Framework\framework\src\test\resources
2025-02-19 14:23:28,034 [Worker-35: Building] INFO  o.a.m.s.f.DefaultMavenResourcesFiltering - skip non existing resourceDirectory C:\Users\Diwakar.Kumar\Selenium Framework\framework\src\main\resources
2025-02-19 14:23:28,037 [Worker-35: Building] INFO  o.a.m.s.f.DefaultMavenResourcesFiltering - skip non existing resourceDirectory C:\Users\Diwakar.Kumar\Selenium Framework\framework\src\test\resources
2025-02-19 14:32:59,279 [Worker-43: Building] INFO  o.a.m.s.f.DefaultMavenResourcesFiltering - skip non existing resourceDirectory C:\Users\Diwakar.Kumar\Selenium Framework\framework\src\main\resources
2025-02-19 14:32:59,283 [Worker-43: Building] INFO  o.a.m.s.f.DefaultMavenResourcesFiltering - skip non existing resourceDirectory C:\Users\Diwakar.Kumar\Selenium Framework\framework\src\test\resources
2025-02-19 14:33:18,119 [Worker-41: Building] INFO  o.a.m.s.f.DefaultMavenResourcesFiltering - skip non existing resourceDirectory C:\Users\Diwakar.Kumar\Selenium Framework\framework\src\main\resources
2025-02-19 14:33:18,123 [Worker-41: Building] INFO  o.a.m.s.f.DefaultMavenResourcesFiltering - skip non existing resourceDirectory C:\Users\Diwakar.Kumar\Selenium Framework\framework\src\test\resources
2025-02-19 14:33:23,703 [Worker-44: Building] INFO  o.a.m.s.f.DefaultMavenResourcesFiltering - skip non existing resourceDirectory C:\Users\Diwakar.Kumar\Selenium Framework\framework\src\main\resources
2025-02-19 14:33:23,707 [Worker-44: Building] INFO  o.a.m.s.f.DefaultMavenResourcesFiltering - skip non existing resourceDirectory C:\Users\Diwakar.Kumar\Selenium Framework\framework\src\test\resources
2025-02-19 16:00:39,928 [Worker-44: Building Workspace] INFO  o.a.m.s.f.DefaultMavenResourcesFiltering - skip non existing resourceDirectory C:\Users\Diwakar.Kumar\Selenium Framework\framework\src\main\resources
2025-02-19 16:00:39,934 [Worker-44: Building Workspace] INFO  o.a.m.s.f.DefaultMavenResourcesFiltering - skip non existing resourceDirectory C:\Users\Diwakar.Kumar\Selenium Framework\framework\src\test\resources
2025-02-19 16:03:18,518 [Worker-44: Building] INFO  o.a.m.s.f.DefaultMavenResourcesFiltering - skip non existing resourceDirectory C:\Users\Diwakar.Kumar\Selenium Framework\framework\src\main\resources
2025-02-19 16:03:18,523 [Worker-44: Building] INFO  o.a.m.s.f.DefaultMavenResourcesFiltering - skip non existing resourceDirectory C:\Users\Diwakar.Kumar\Selenium Framework\framework\src\test\resources
2025-02-19 16:03:22,804 [Worker-44: Building] INFO  o.a.m.s.f.DefaultMavenResourcesFiltering - skip non existing resourceDirectory C:\Users\Diwakar.Kumar\Selenium Framework\framework\src\main\resources
2025-02-19 16:03:22,806 [Worker-44: Building] INFO  o.a.m.s.f.DefaultMavenResourcesFiltering - skip non existing resourceDirectory C:\Users\Diwakar.Kumar\Selenium Framework\framework\src\test\resources
2025-02-19 16:04:35,212 [Worker-44: Building] INFO  o.a.m.s.f.DefaultMavenResourcesFiltering - skip non existing resourceDirectory C:\Users\Diwakar.Kumar\Selenium Framework\framework\src\main\resources
2025-02-19 16:04:35,215 [Worker-44: Building] INFO  o.a.m.s.f.DefaultMavenResourcesFiltering - skip non existing resourceDirectory C:\Users\Diwakar.Kumar\Selenium Framework\framework\src\test\resources
2025-02-19 16:06:49,041 [Worker-50: Building] INFO  o.a.m.s.f.DefaultMavenResourcesFiltering - skip non existing resourceDirectory C:\Users\Diwakar.Kumar\Selenium Framework\framework\src\main\resources
2025-02-19 16:06:49,044 [Worker-50: Building] INFO  o.a.m.s.f.DefaultMavenResourcesFiltering - skip non existing resourceDirectory C:\Users\Diwakar.Kumar\Selenium Framework\framework\src\test\resources
2025-02-19 16:07:52,741 [Worker-48: Building] INFO  o.a.m.s.f.DefaultMavenResourcesFiltering - skip non existing resourceDirectory C:\Users\Diwakar.Kumar\Selenium Framework\framework\src\main\resources
2025-02-19 16:07:52,744 [Worker-48: Building] INFO  o.a.m.s.f.DefaultMavenResourcesFiltering - skip non existing resourceDirectory C:\Users\Diwakar.Kumar\Selenium Framework\framework\src\test\resources
2025-02-19 16:14:21,434 [Worker-46: Building] INFO  o.a.m.s.f.DefaultMavenResourcesFiltering - skip non existing resourceDirectory C:\Users\Diwakar.Kumar\Selenium Framework\framework\src\main\resources
2025-02-19 16:14:21,437 [Worker-46: Building] INFO  o.a.m.s.f.DefaultMavenResourcesFiltering - skip non existing resourceDirectory C:\Users\Diwakar.Kumar\Selenium Framework\framework\src\test\resources
2025-02-19 16:19:23,788 [Worker-50: Building] INFO  o.a.m.s.f.DefaultMavenResourcesFiltering - skip non existing resourceDirectory C:\Users\Diwakar.Kumar\Selenium Framework\framework\src\main\resources
2025-02-19 16:19:23,791 [Worker-50: Building] INFO  o.a.m.s.f.DefaultMavenResourcesFiltering - skip non existing resourceDirectory C:\Users\Diwakar.Kumar\Selenium Framework\framework\src\test\resources
2025-02-19 16:29:58,429 [Worker-51: Building] INFO  o.a.m.s.f.DefaultMavenResourcesFiltering - skip non existing resourceDirectory C:\Users\Diwakar.Kumar\Selenium Framework\framework\src\main\resources
2025-02-19 16:29:58,432 [Worker-51: Building] INFO  o.a.m.s.f.DefaultMavenResourcesFiltering - skip non existing resourceDirectory C:\Users\Diwakar.Kumar\Selenium Framework\framework\src\test\resources
2025-02-20 11:20:18,340 [Worker-62: Building] INFO  o.a.m.s.f.DefaultMavenResourcesFiltering - skip non existing resourceDirectory C:\Users\Diwakar.Kumar\Selenium Framework\framework\src\main\resources
2025-02-20 11:20:18,360 [Worker-62: Building] INFO  o.a.m.s.f.DefaultMavenResourcesFiltering - skip non existing resourceDirectory C:\Users\Diwakar.Kumar\Selenium Framework\framework\src\test\resources
2025-02-20 11:21:34,532 [Worker-63: Building] INFO  o.a.m.s.f.DefaultMavenResourcesFiltering - skip non existing resourceDirectory C:\Users\Diwakar.Kumar\Selenium Framework\framework\src\main\resources
2025-02-20 11:21:34,540 [Worker-63: Building] INFO  o.a.m.s.f.DefaultMavenResourcesFiltering - skip non existing resourceDirectory C:\Users\Diwakar.Kumar\Selenium Framework\framework\src\test\resources
2025-02-20 11:26:13,583 [Worker-56: Building] INFO  o.a.m.s.f.DefaultMavenResourcesFiltering - skip non existing resourceDirectory C:\Users\Diwakar.Kumar\Selenium Framework\framework\src\main\resources
2025-02-20 11:26:13,591 [Worker-56: Building] INFO  o.a.m.s.f.DefaultMavenResourcesFiltering - skip non existing resourceDirectory C:\Users\Diwakar.Kumar\Selenium Framework\framework\src\test\resources
2025-02-20 11:26:42,520 [Worker-62: Building] INFO  o.a.m.s.f.DefaultMavenResourcesFiltering - skip non existing resourceDirectory C:\Users\Diwakar.Kumar\Selenium Framework\framework\src\main\resources
2025-02-20 11:26:42,552 [Worker-62: Building] INFO  o.a.m.s.f.DefaultMavenResourcesFiltering - skip non existing resourceDirectory C:\Users\Diwakar.Kumar\Selenium Framework\framework\src\test\resources
2025-02-20 11:28:00,423 [Worker-64: Launching StandOrderTest] INFO  o.a.m.s.f.DefaultMavenResourcesFiltering - skip non existing resourceDirectory C:\Users\Diwakar.Kumar\Selenium Framework\framework\src\main\resources
2025-02-20 11:28:00,442 [Worker-64: Launching StandOrderTest] INFO  o.a.m.s.f.DefaultMavenResourcesFiltering - skip non existing resourceDirectory C:\Users\Diwakar.Kumar\Selenium Framework\framework\src\test\resources
2025-02-20 11:28:38,599 [Worker-63: Building] INFO  o.a.m.s.f.DefaultMavenResourcesFiltering - skip non existing resourceDirectory C:\Users\Diwakar.Kumar\Selenium Framework\framework\src\main\resources
2025-02-20 11:28:38,603 [Worker-63: Building] INFO  o.a.m.s.f.DefaultMavenResourcesFiltering - skip non existing resourceDirectory C:\Users\Diwakar.Kumar\Selenium Framework\framework\src\test\resources
2025-02-20 11:48:28,947 [Worker-67: Building Workspace] INFO  o.a.m.s.f.DefaultMavenResourcesFiltering - skip non existing resourceDirectory C:\Users\Diwakar.Kumar\Selenium Framework\framework\src\main\resources
2025-02-20 11:48:28,966 [Worker-67: Building Workspace] INFO  o.a.m.s.f.DefaultMavenResourcesFiltering - skip non existing resourceDirectory C:\Users\Diwakar.Kumar\Selenium Framework\framework\src\test\resources
2025-02-20 12:01:57,706 [Worker-62: Building Workspace] INFO  o.a.m.s.f.DefaultMavenResourcesFiltering - skip non existing resourceDirectory C:\Users\Diwakar.Kumar\Selenium Framework\framework\src\main\resources
2025-02-20 12:01:57,723 [Worker-62: Building Workspace] INFO  o.a.m.s.f.DefaultMavenResourcesFiltering - skip non existing resourceDirectory C:\Users\Diwakar.Kumar\Selenium Framework\framework\src\test\resources
2025-02-20 12:02:42,809 [Worker-59: Building] INFO  o.a.m.s.f.DefaultMavenResourcesFiltering - skip non existing resourceDirectory C:\Users\Diwakar.Kumar\Selenium Framework\framework\src\main\resources
2025-02-20 12:02:42,821 [Worker-59: Building] INFO  o.a.m.s.f.DefaultMavenResourcesFiltering - skip non existing resourceDirectory C:\Users\Diwakar.Kumar\Selenium Framework\framework\src\test\resources
2025-02-20 12:13:55,801 [Worker-62: Building] INFO  o.a.m.s.f.DefaultMavenResourcesFiltering - skip non existing resourceDirectory C:\Users\Diwakar.Kumar\Selenium Framework\framework\src\main\resources
2025-02-20 12:13:55,825 [Worker-62: Building] INFO  o.a.m.s.f.DefaultMavenResourcesFiltering - skip non existing resourceDirectory C:\Users\Diwakar.Kumar\Selenium Framework\framework\src\test\resources
2025-02-20 12:25:36,873 [Worker-72: Building] INFO  o.a.m.s.f.DefaultMavenResourcesFiltering - skip non existing resourceDirectory C:\Users\Diwakar.Kumar\Selenium Framework\framework\src\main\resources
2025-02-20 12:25:36,879 [Worker-72: Building] INFO  o.a.m.s.f.DefaultMavenResourcesFiltering - skip non existing resourceDirectory C:\Users\Diwakar.Kumar\Selenium Framework\framework\src\test\resources
2025-02-20 12:29:45,302 [Worker-72: Building] INFO  o.a.m.s.f.DefaultMavenResourcesFiltering - skip non existing resourceDirectory C:\Users\Diwakar.Kumar\Selenium Framework\framework\src\main\resources
2025-02-20 12:29:45,308 [Worker-72: Building] INFO  o.a.m.s.f.DefaultMavenResourcesFiltering - skip non existing resourceDirectory C:\Users\Diwakar.Kumar\Selenium Framework\framework\src\test\resources
2025-02-20 12:30:43,773 [Worker-69: Building] INFO  o.a.m.s.f.DefaultMavenResourcesFiltering - skip non existing resourceDirectory C:\Users\Diwakar.Kumar\Selenium Framework\framework\src\main\resources
2025-02-20 12:30:43,777 [Worker-69: Building] INFO  o.a.m.s.f.DefaultMavenResourcesFiltering - skip non existing resourceDirectory C:\Users\Diwakar.Kumar\Selenium Framework\framework\src\test\resources
2025-02-20 12:31:35,128 [Worker-72: Building] INFO  o.a.m.s.f.DefaultMavenResourcesFiltering - skip non existing resourceDirectory C:\Users\Diwakar.Kumar\Selenium Framework\framework\src\main\resources
2025-02-20 12:31:35,132 [Worker-72: Building] INFO  o.a.m.s.f.DefaultMavenResourcesFiltering - skip non existing resourceDirectory C:\Users\Diwakar.Kumar\Selenium Framework\framework\src\test\resources
2025-02-20 12:31:43,909 [Worker-73: Building] INFO  o.a.m.s.f.DefaultMavenResourcesFiltering - skip non existing resourceDirectory C:\Users\Diwakar.Kumar\Selenium Framework\framework\src\main\resources
2025-02-20 12:31:43,919 [Worker-73: Building] INFO  o.a.m.s.f.DefaultMavenResourcesFiltering - skip non existing resourceDirectory C:\Users\Diwakar.Kumar\Selenium Framework\framework\src\test\resources
